app/build-out/intermediates/manifest_merge_blame_file/debug/processDebugMainManifest/manifest-merger-blame-debug-report.txt
1<?xml version="1.0" encoding="utf-8"?>
2<manifest xmlns:android="http://schemas.android.com/apk/res/android"
3    package="com.vvai.calmwave"
4    android:versionCode="1"
5    android:versionName="1.0" >
6
7    <uses-sdk
8        android:minSdkVersion="24"
9        android:targetSdkVersion="36" />
10
11    <!-- Permissões necessárias para o aplicativo -->
12    <uses-permission android:name="android.permission.RECORD_AUDIO" />
12-->src\main\AndroidManifest.xml:6:5-71
12-->src\main\AndroidManifest.xml:6:22-68
13    <uses-permission android:name="android.permission.BLUETOOTH_CONNECT" />
13-->src\main\AndroidManifest.xml:7:5-76
13-->src\main\AndroidManifest.xml:7:22-73
14    <uses-permission
14-->src\main\AndroidManifest.xml:8:5-9:38
15        android:name="android.permission.BLUETOOTH_SCAN"
15-->src\main\AndroidManifest.xml:8:22-70
16        android:maxSdkVersion="32" />
16-->src\main\AndroidManifest.xml:9:9-35
17    <uses-permission android:name="android.permission.ACCESS_FINE_LOCATION" />
17-->src\main\AndroidManifest.xml:10:5-79
17-->src\main\AndroidManifest.xml:10:22-76
18    <uses-permission android:name="android.permission.INTERNET" />
18-->src\main\AndroidManifest.xml:11:5-67
18-->src\main\AndroidManifest.xml:11:22-64
19    <uses-permission android:name="android.permission.ACCESS_NETWORK_STATE" />
19-->src\main\AndroidManifest.xml:12:5-79
19-->src\main\AndroidManifest.xml:12:22-76
20    <uses-permission android:name="android.permission.POST_NOTIFICATIONS" />
20-->src\main\AndroidManifest.xml:13:5-77
20-->src\main\AndroidManifest.xml:13:22-74
21    <uses-permission android:name="android.permission.FOREGROUND_SERVICE" />
21-->src\main\AndroidManifest.xml:14:5-77
21-->src\main\AndroidManifest.xml:14:22-74
22    <uses-permission android:name="android.permission.FOREGROUND_SERVICE_MICROPHONE" />
22-->src\main\AndroidManifest.xml:15:5-88
22-->src\main\AndroidManifest.xml:15:22-85
23    <uses-permission android:name="android.permission.FOREGROUND_SERVICE_MEDIA_PLAYBACK" />
23-->src\main\AndroidManifest.xml:16:5-92
23-->src\main\AndroidManifest.xml:16:22-89
24    <!-- Permissão para salvar no diretório Downloads -->
25    <uses-permission
25-->src\main\AndroidManifest.xml:18:5-19:38
26        android:name="android.permission.WRITE_EXTERNAL_STORAGE"
26-->src\main\AndroidManifest.xml:18:22-78
27        android:maxSdkVersion="28" />
27-->src\main\AndroidManifest.xml:19:9-35
28    <uses-permission
28-->src\main\AndroidManifest.xml:20:5-21:38
29        android:name="android.permission.READ_EXTERNAL_STORAGE"
29-->src\main\AndroidManifest.xml:20:22-77
30        android:maxSdkVersion="32" />
30-->src\main\AndroidManifest.xml:21:9-35
31    <!-- Para Android 13+ (API 33+), usar permissões específicas -->
32    <uses-permission android:name="android.permission.READ_MEDIA_AUDIO" />
32-->src\main\AndroidManifest.xml:23:5-75
32-->src\main\AndroidManifest.xml:23:22-72
33    <uses-permission android:name="android.permission.WAKE_LOCK" />
33-->[androidx.work:work-runtime:2.9.0] AndroidManifest.xml:23:5-68
33-->[androidx.work:work-runtime:2.9.0] AndroidManifest.xml:23:22-65
34    <uses-permission android:name="android.permission.RECEIVE_BOOT_COMPLETED" />
34-->[androidx.work:work-runtime:2.9.0] AndroidManifest.xml:25:5-81
34-->[androidx.work:work-runtime:2.9.0] AndroidManifest.xml:25:22-78
35
36    <permission
36-->[androidx.core:core:1.16.0] AndroidManifest.xml:22:5-24:47
37        android:name="com.vvai.calmwave.DYNAMIC_RECEIVER_NOT_EXPORTED_PERMISSION"
37-->[androidx.core:core:1.16.0] AndroidManifest.xml:23:9-81
38        android:protectionLevel="signature" />
38-->[androidx.core:core:1.16.0] AndroidManifest.xml:24:9-44
39
40    <uses-permission android:name="com.vvai.calmwave.DYNAMIC_RECEIVER_NOT_EXPORTED_PERMISSION" />
40-->[androidx.core:core:1.16.0] AndroidManifest.xml:26:5-97
40-->[androidx.core:core:1.16.0] AndroidManifest.xml:26:22-94
41
42    <application
42-->src\main\AndroidManifest.xml:25:5-86:19
43        android:name="com.vvai.calmwave.CalmWaveApplication"
43-->src\main\AndroidManifest.xml:26:9-44
44        android:allowBackup="true"
44-->src\main\AndroidManifest.xml:27:9-35
45        android:appComponentFactory="androidx.core.app.CoreComponentFactory"
45-->[androidx.core:core:1.16.0] AndroidManifest.xml:28:18-86
46        android:dataExtractionRules="@xml/data_extraction_rules"
46-->src\main\AndroidManifest.xml:28:9-65
47        android:debuggable="true"
48        android:extractNativeLibs="false"
49        android:fullBackupContent="@xml/backup_rules"
49-->src\main\AndroidManifest.xml:29:9-54
50        android:icon="@mipmap/ic_launcher"
50-->src\main\AndroidManifest.xml:30:9-43
51        android:label="@string/app_name"
51-->src\main\AndroidManifest.xml:31:9-41
52        android:networkSecurityConfig="@xml/network_security_config"
52-->src\main\AndroidManifest.xml:36:9-69
53        android:roundIcon="@mipmap/ic_launcher_round"
53-->src\main\AndroidManifest.xml:32:9-54
54        android:supportsRtl="true"
54-->src\main\AndroidManifest.xml:33:9-35
55        android:theme="@style/Theme.CalmWave"
55-->src\main\AndroidManifest.xml:34:9-46
56        android:usesCleartextTraffic="true" >
56-->src\main\AndroidManifest.xml:35:9-44
57        <activity
57-->src\main\AndroidManifest.xml:38:9-48:20
58            android:name="com.vvai.calmwave.SplashActivity"
58-->src\main\AndroidManifest.xml:39:13-43
59            android:exported="true"
59-->src\main\AndroidManifest.xml:40:13-36
60            android:label="@string/app_name"
60-->src\main\AndroidManifest.xml:41:13-45
61            android:screenOrientation="portrait"
61-->src\main\AndroidManifest.xml:43:13-49
62            android:theme="@style/Theme.CalmWave" >
62-->src\main\AndroidManifest.xml:42:13-50
63            <intent-filter>
63-->src\main\AndroidManifest.xml:44:13-47:29
64                <action android:name="android.intent.action.MAIN" />
64-->src\main\AndroidManifest.xml:45:17-69
64-->src\main\AndroidManifest.xml:45:25-66
65
66                <category android:name="android.intent.category.LAUNCHER" />
66-->src\main\AndroidManifest.xml:46:17-77
66-->src\main\AndroidManifest.xml:46:27-74
67            </intent-filter>
68        </activity>
69        <activity
69-->src\main\AndroidManifest.xml:49:9-55:47
70            android:name="com.vvai.calmwave.GravarActivity"
70-->src\main\AndroidManifest.xml:50:13-43
71            android:exported="true"
71-->src\main\AndroidManifest.xml:51:13-36
72            android:label="@string/app_name"
72-->src\main\AndroidManifest.xml:52:13-45
73            android:launchMode="singleTask"
73-->src\main\AndroidManifest.xml:55:13-44
74            android:screenOrientation="portrait"
74-->src\main\AndroidManifest.xml:54:13-49
75            android:theme="@style/Theme.CalmWave" />
75-->src\main\AndroidManifest.xml:53:13-50
76        <activity
76-->src\main\AndroidManifest.xml:56:9-60:52
77            android:name="com.vvai.calmwave.LoginActivity"
77-->src\main\AndroidManifest.xml:57:13-42
78            android:exported="false"
78-->src\main\AndroidManifest.xml:58:13-37
79            android:screenOrientation="portrait"
79-->src\main\AndroidManifest.xml:60:13-49
80            android:theme="@style/Theme.CalmWave" />
80-->src\main\AndroidManifest.xml:59:13-50
81        <activity
81-->src\main\AndroidManifest.xml:61:9-65:52
82            android:name="com.vvai.calmwave.CadastroActivity"
82-->src\main\AndroidManifest.xml:62:13-45
83            android:exported="false"
83-->src\main\AndroidManifest.xml:63:13-37
84            android:screenOrientation="portrait"
84-->src\main\AndroidManifest.xml:65:13-49
85            android:theme="@style/Theme.CalmWave" />
85-->src\main\AndroidManifest.xml:64:13-50
86        <activity android:name="com.vvai.calmwave.MainActivity" />
86-->src\main\AndroidManifest.xml:66:9-50
86-->src\main\AndroidManifest.xml:66:19-47
87        <activity
87-->src\main\AndroidManifest.xml:67:9-72:52
88            android:name="com.vvai.calmwave.PrincipalActivity"
88-->src\main\AndroidManifest.xml:68:13-46
89            android:exported="false"
89-->src\main\AndroidManifest.xml:69:13-37
90            android:label="@string/app_name"
90-->src\main\AndroidManifest.xml:70:13-45
91            android:screenOrientation="portrait"
91-->src\main\AndroidManifest.xml:72:13-49
92            android:theme="@style/Theme.CalmWave" />
92-->src\main\AndroidManifest.xml:71:13-50
93        <activity
93-->src\main\AndroidManifest.xml:73:9-86
94            android:name="com.vvai.calmwave.PlaylistActivity"
94-->src\main\AndroidManifest.xml:73:19-51
95            android:launchMode="singleTask" />
95-->src\main\AndroidManifest.xml:73:52-83
96
97        <service
97-->src\main\AndroidManifest.xml:75:9-79:58
98            android:name="com.vvai.calmwave.RecordingForegroundService"
98-->src\main\AndroidManifest.xml:76:13-55
99            android:enabled="true"
99-->src\main\AndroidManifest.xml:77:13-35
100            android:exported="false"
100-->src\main\AndroidManifest.xml:78:13-37
101            android:foregroundServiceType="microphone" />
101-->src\main\AndroidManifest.xml:79:13-55
102        <service
102-->src\main\AndroidManifest.xml:81:9-85:61
103            android:name="com.vvai.calmwave.PlaybackForegroundService"
103-->src\main\AndroidManifest.xml:82:13-54
104            android:enabled="true"
104-->src\main\AndroidManifest.xml:83:13-35
105            android:exported="false"
105-->src\main\AndroidManifest.xml:84:13-37
106            android:foregroundServiceType="mediaPlayback" />
106-->src\main\AndroidManifest.xml:85:13-58
107        <service
107-->[androidx.room:room-runtime:2.6.1] AndroidManifest.xml:24:9-28:63
108            android:name="androidx.room.MultiInstanceInvalidationService"
108-->[androidx.room:room-runtime:2.6.1] AndroidManifest.xml:25:13-74
109            android:directBootAware="true"
109-->[androidx.room:room-runtime:2.6.1] AndroidManifest.xml:26:13-43
110            android:exported="false" />
110-->[androidx.room:room-runtime:2.6.1] AndroidManifest.xml:27:13-37
111
112        <provider
112-->[androidx.work:work-runtime:2.9.0] AndroidManifest.xml:29:9-37:20
113            android:name="androidx.startup.InitializationProvider"
113-->[androidx.work:work-runtime:2.9.0] AndroidManifest.xml:30:13-67
114            android:authorities="com.vvai.calmwave.androidx-startup"
114-->[androidx.work:work-runtime:2.9.0] AndroidManifest.xml:31:13-68
115            android:exported="false" >
115-->[androidx.work:work-runtime:2.9.0] AndroidManifest.xml:32:13-37
116            <meta-data
116-->[androidx.work:work-runtime:2.9.0] AndroidManifest.xml:34:13-36:52
117                android:name="androidx.work.WorkManagerInitializer"
117-->[androidx.work:work-runtime:2.9.0] AndroidManifest.xml:35:17-68
118                android:value="androidx.startup" />
118-->[androidx.work:work-runtime:2.9.0] AndroidManifest.xml:36:17-49
119            <meta-data
119-->[androidx.emoji2:emoji2:1.3.0] AndroidManifest.xml:29:13-31:52
120                android:name="androidx.emoji2.text.EmojiCompatInitializer"
120-->[androidx.emoji2:emoji2:1.3.0] AndroidManifest.xml:30:17-75
121                android:value="androidx.startup" />
121-->[androidx.emoji2:emoji2:1.3.0] AndroidManifest.xml:31:17-49
122            <meta-data
122-->[androidx.lifecycle:lifecycle-process:2.9.2] AndroidManifest.xml:29:13-31:52
123                android:name="androidx.lifecycle.ProcessLifecycleInitializer"
123-->[androidx.lifecycle:lifecycle-process:2.9.2] AndroidManifest.xml:30:17-78
124                android:value="androidx.startup" />
124-->[androidx.lifecycle:lifecycle-process:2.9.2] AndroidManifest.xml:31:17-49
125            <meta-data
125-->[androidx.profileinstaller:profileinstaller:1.4.0] AndroidManifest.xml:29:13-31:52
126                android:name="androidx.profileinstaller.ProfileInstallerInitializer"
126-->[androidx.profileinstaller:profileinstaller:1.4.0] AndroidManifest.xml:30:17-85
127                android:value="androidx.startup" />
127-->[androidx.profileinstaller:profileinstaller:1.4.0] AndroidManifest.xml:31:17-49
128        </provider>
129
130        <service
130-->[androidx.work:work-runtime:2.9.0] AndroidManifest.xml:39:9-45:35
131            android:name="androidx.work.impl.background.systemalarm.SystemAlarmService"
131-->[androidx.work:work-runtime:2.9.0] AndroidManifest.xml:40:13-88
132            android:directBootAware="false"
132-->[androidx.work:work-runtime:2.9.0] AndroidManifest.xml:41:13-44
133            android:enabled="@bool/enable_system_alarm_service_default"
133-->[androidx.work:work-runtime:2.9.0] AndroidManifest.xml:42:13-72
134            android:exported="false" />
134-->[androidx.work:work-runtime:2.9.0] AndroidManifest.xml:43:13-37
135        <service
135-->[androidx.work:work-runtime:2.9.0] AndroidManifest.xml:46:9-52:35
136            android:name="androidx.work.impl.background.systemjob.SystemJobService"
136-->[androidx.work:work-runtime:2.9.0] AndroidManifest.xml:47:13-84
137            android:directBootAware="false"
137-->[androidx.work:work-runtime:2.9.0] AndroidManifest.xml:48:13-44
138            android:enabled="@bool/enable_system_job_service_default"
138-->[androidx.work:work-runtime:2.9.0] AndroidManifest.xml:49:13-70
139            android:exported="true"
139-->[androidx.work:work-runtime:2.9.0] AndroidManifest.xml:50:13-36
140            android:permission="android.permission.BIND_JOB_SERVICE" />
140-->[androidx.work:work-runtime:2.9.0] AndroidManifest.xml:51:13-69
141        <service
141-->[androidx.work:work-runtime:2.9.0] AndroidManifest.xml:53:9-59:35
142            android:name="androidx.work.impl.foreground.SystemForegroundService"
142-->[androidx.work:work-runtime:2.9.0] AndroidManifest.xml:54:13-81
143            android:directBootAware="false"
143-->[androidx.work:work-runtime:2.9.0] AndroidManifest.xml:55:13-44
144            android:enabled="@bool/enable_system_foreground_service_default"
144-->[androidx.work:work-runtime:2.9.0] AndroidManifest.xml:56:13-77
145            android:exported="false" />
145-->[androidx.work:work-runtime:2.9.0] AndroidManifest.xml:57:13-37
146
147        <receiver
147-->[androidx.work:work-runtime:2.9.0] AndroidManifest.xml:61:9-66:35
148            android:name="androidx.work.impl.utils.ForceStopRunnable$BroadcastReceiver"
148-->[androidx.work:work-runtime:2.9.0] AndroidManifest.xml:62:13-88
149            android:directBootAware="false"
149-->[androidx.work:work-runtime:2.9.0] AndroidManifest.xml:63:13-44
150            android:enabled="true"
150-->[androidx.work:work-runtime:2.9.0] AndroidManifest.xml:64:13-35
151            android:exported="false" />
151-->[androidx.work:work-runtime:2.9.0] AndroidManifest.xml:65:13-37
152        <receiver
152-->[androidx.work:work-runtime:2.9.0] AndroidManifest.xml:67:9-77:20
153            android:name="androidx.work.impl.background.systemalarm.ConstraintProxy$BatteryChargingProxy"
153-->[androidx.work:work-runtime:2.9.0] AndroidManifest.xml:68:13-106
154            android:directBootAware="false"
154-->[androidx.work:work-runtime:2.9.0] AndroidManifest.xml:69:13-44
155            android:enabled="false"
155-->[androidx.work:work-runtime:2.9.0] AndroidManifest.xml:70:13-36
156            android:exported="false" >
156-->[androidx.work:work-runtime:2.9.0] AndroidManifest.xml:71:13-37
157            <intent-filter>
157-->[androidx.work:work-runtime:2.9.0] AndroidManifest.xml:73:13-76:29
158                <action android:name="android.intent.action.ACTION_POWER_CONNECTED" />
158-->[androidx.work:work-runtime:2.9.0] AndroidManifest.xml:74:17-87
158-->[androidx.work:work-runtime:2.9.0] AndroidManifest.xml:74:25-84
159                <action android:name="android.intent.action.ACTION_POWER_DISCONNECTED" />
159-->[androidx.work:work-runtime:2.9.0] AndroidManifest.xml:75:17-90
159-->[androidx.work:work-runtime:2.9.0] AndroidManifest.xml:75:25-87
160            </intent-filter>
161        </receiver>
162        <receiver
162-->[androidx.work:work-runtime:2.9.0] AndroidManifest.xml:78:9-88:20
163            android:name="androidx.work.impl.background.systemalarm.ConstraintProxy$BatteryNotLowProxy"
163-->[androidx.work:work-runtime:2.9.0] AndroidManifest.xml:79:13-104
164            android:directBootAware="false"
164-->[androidx.work:work-runtime:2.9.0] AndroidManifest.xml:80:13-44
165            android:enabled="false"
165-->[androidx.work:work-runtime:2.9.0] AndroidManifest.xml:81:13-36
166            android:exported="false" >
166-->[androidx.work:work-runtime:2.9.0] AndroidManifest.xml:82:13-37
167            <intent-filter>
167-->[androidx.work:work-runtime:2.9.0] AndroidManifest.xml:84:13-87:29
168                <action android:name="android.intent.action.BATTERY_OKAY" />
168-->[androidx.work:work-runtime:2.9.0] AndroidManifest.xml:85:17-77
168-->[androidx.work:work-runtime:2.9.0] AndroidManifest.xml:85:25-74
169                <action android:name="android.intent.action.BATTERY_LOW" />
169-->[androidx.work:work-runtime:2.9.0] AndroidManifest.xml:86:17-76
169-->[androidx.work:work-runtime:2.9.0] AndroidManifest.xml:86:25-73
170            </intent-filter>
171        </receiver>
172        <receiver
172-->[androidx.work:work-runtime:2.9.0] AndroidManifest.xml:89:9-99:20
173            android:name="androidx.work.impl.background.systemalarm.ConstraintProxy$StorageNotLowProxy"
173-->[androidx.work:work-runtime:2.9.0] AndroidManifest.xml:90:13-104
174            android:directBootAware="false"
174-->[androidx.work:work-runtime:2.9.0] AndroidManifest.xml:91:13-44
175            android:enabled="false"
175-->[androidx.work:work-runtime:2.9.0] AndroidManifest.xml:92:13-36
176            android:exported="false" >
176-->[androidx.work:work-runtime:2.9.0] AndroidManifest.xml:93:13-37
177            <intent-filter>
177-->[androidx.work:work-runtime:2.9.0] AndroidManifest.xml:95:13-98:29
178                <action android:name="android.intent.action.DEVICE_STORAGE_LOW" />
178-->[androidx.work:work-runtime:2.9.0] AndroidManifest.xml:96:17-83
178-->[androidx.work:work-runtime:2.9.0] AndroidManifest.xml:96:25-80
179                <action android:name="android.intent.action.DEVICE_STORAGE_OK" />
179-->[androidx.work:work-runtime:2.9.0] AndroidManifest.xml:97:17-82
179-->[androidx.work:work-runtime:2.9.0] AndroidManifest.xml:97:25-79
180            </intent-filter>
181        </receiver>
182        <receiver
182-->[androidx.work:work-runtime:2.9.0] AndroidManifest.xml:100:9-109:20
183            android:name="androidx.work.impl.background.systemalarm.ConstraintProxy$NetworkStateProxy"
183-->[androidx.work:work-runtime:2.9.0] AndroidManifest.xml:101:13-103
184            android:directBootAware="false"
184-->[androidx.work:work-runtime:2.9.0] AndroidManifest.xml:102:13-44
185            android:enabled="false"
185-->[androidx.work:work-runtime:2.9.0] AndroidManifest.xml:103:13-36
186            android:exported="false" >
186-->[androidx.work:work-runtime:2.9.0] AndroidManifest.xml:104:13-37
187            <intent-filter>
187-->[androidx.work:work-runtime:2.9.0] AndroidManifest.xml:106:13-108:29
188                <action android:name="android.net.conn.CONNECTIVITY_CHANGE" />
188-->[androidx.work:work-runtime:2.9.0] AndroidManifest.xml:107:17-79
188-->[androidx.work:work-runtime:2.9.0] AndroidManifest.xml:107:25-76
189            </intent-filter>
190        </receiver>
191        <receiver
191-->[androidx.work:work-runtime:2.9.0] AndroidManifest.xml:110:9-121:20
192            android:name="androidx.work.impl.background.systemalarm.RescheduleReceiver"
192-->[androidx.work:work-runtime:2.9.0] AndroidManifest.xml:111:13-88
193            android:directBootAware="false"
193-->[androidx.work:work-runtime:2.9.0] AndroidManifest.xml:112:13-44
194            android:enabled="false"
194-->[androidx.work:work-runtime:2.9.0] AndroidManifest.xml:113:13-36
195            android:exported="false" >
195-->[androidx.work:work-runtime:2.9.0] AndroidManifest.xml:114:13-37
196            <intent-filter>
196-->[androidx.work:work-runtime:2.9.0] AndroidManifest.xml:116:13-120:29
197                <action android:name="android.intent.action.BOOT_COMPLETED" />
197-->[androidx.work:work-runtime:2.9.0] AndroidManifest.xml:117:17-79
197-->[androidx.work:work-runtime:2.9.0] AndroidManifest.xml:117:25-76
198                <action android:name="android.intent.action.TIME_SET" />
198-->[androidx.work:work-runtime:2.9.0] AndroidManifest.xml:118:17-73
198-->[androidx.work:work-runtime:2.9.0] AndroidManifest.xml:118:25-70
199                <action android:name="android.intent.action.TIMEZONE_CHANGED" />
199-->[androidx.work:work-runtime:2.9.0] AndroidManifest.xml:119:17-81
199-->[androidx.work:work-runtime:2.9.0] AndroidManifest.xml:119:25-78
200            </intent-filter>
201        </receiver>
202        <receiver
202-->[androidx.work:work-runtime:2.9.0] AndroidManifest.xml:122:9-131:20
203            android:name="androidx.work.impl.background.systemalarm.ConstraintProxyUpdateReceiver"
203-->[androidx.work:work-runtime:2.9.0] AndroidManifest.xml:123:13-99
204            android:directBootAware="false"
204-->[androidx.work:work-runtime:2.9.0] AndroidManifest.xml:124:13-44
205            android:enabled="@bool/enable_system_alarm_service_default"
205-->[androidx.work:work-runtime:2.9.0] AndroidManifest.xml:125:13-72
206            android:exported="false" >
206-->[androidx.work:work-runtime:2.9.0] AndroidManifest.xml:126:13-37
207            <intent-filter>
207-->[androidx.work:work-runtime:2.9.0] AndroidManifest.xml:128:13-130:29
208                <action android:name="androidx.work.impl.background.systemalarm.UpdateProxies" />
208-->[androidx.work:work-runtime:2.9.0] AndroidManifest.xml:129:17-98
208-->[androidx.work:work-runtime:2.9.0] AndroidManifest.xml:129:25-95
209            </intent-filter>
210        </receiver>
211        <receiver
211-->[androidx.work:work-runtime:2.9.0] AndroidManifest.xml:132:9-142:20
212            android:name="androidx.work.impl.diagnostics.DiagnosticsReceiver"
212-->[androidx.work:work-runtime:2.9.0] AndroidManifest.xml:133:13-78
213            android:directBootAware="false"
213-->[androidx.work:work-runtime:2.9.0] AndroidManifest.xml:134:13-44
214            android:enabled="true"
214-->[androidx.work:work-runtime:2.9.0] AndroidManifest.xml:135:13-35
215            android:exported="true"
215-->[androidx.work:work-runtime:2.9.0] AndroidManifest.xml:136:13-36
216            android:permission="android.permission.DUMP" >
216-->[androidx.work:work-runtime:2.9.0] AndroidManifest.xml:137:13-57
217            <intent-filter>
217-->[androidx.work:work-runtime:2.9.0] AndroidManifest.xml:139:13-141:29
218                <action android:name="androidx.work.diagnostics.REQUEST_DIAGNOSTICS" />
218-->[androidx.work:work-runtime:2.9.0] AndroidManifest.xml:140:17-88
218-->[androidx.work:work-runtime:2.9.0] AndroidManifest.xml:140:25-85
219            </intent-filter>
220        </receiver>
221
222        <activity
222-->[androidx.compose.ui:ui-tooling-android:1.7.0] AndroidManifest.xml:23:9-25:39
223            android:name="androidx.compose.ui.tooling.PreviewActivity"
223-->[androidx.compose.ui:ui-tooling-android:1.7.0] AndroidManifest.xml:24:13-71
224            android:exported="true" />
224-->[androidx.compose.ui:ui-tooling-android:1.7.0] AndroidManifest.xml:25:13-36
225        <activity
225-->[androidx.compose.ui:ui-test-manifest:1.7.0] AndroidManifest.xml:23:9-25:39
226            android:name="androidx.activity.ComponentActivity"
226-->[androidx.compose.ui:ui-test-manifest:1.7.0] AndroidManifest.xml:24:13-63
227            android:exported="true" />
227-->[androidx.compose.ui:ui-test-manifest:1.7.0] AndroidManifest.xml:25:13-36
228
229        <receiver
229-->[androidx.profileinstaller:profileinstaller:1.4.0] AndroidManifest.xml:34:9-52:20
230            android:name="androidx.profileinstaller.ProfileInstallReceiver"
230-->[androidx.profileinstaller:profileinstaller:1.4.0] AndroidManifest.xml:35:13-76
231            android:directBootAware="false"
231-->[androidx.profileinstaller:profileinstaller:1.4.0] AndroidManifest.xml:36:13-44
232            android:enabled="true"
232-->[androidx.profileinstaller:profileinstaller:1.4.0] AndroidManifest.xml:37:13-35
233            android:exported="true"
233-->[androidx.profileinstaller:profileinstaller:1.4.0] AndroidManifest.xml:38:13-36
234            android:permission="android.permission.DUMP" >
234-->[androidx.profileinstaller:profileinstaller:1.4.0] AndroidManifest.xml:39:13-57
235            <intent-filter>
235-->[androidx.profileinstaller:profileinstaller:1.4.0] AndroidManifest.xml:40:13-42:29
236                <action android:name="androidx.profileinstaller.action.INSTALL_PROFILE" />
236-->[androidx.profileinstaller:profileinstaller:1.4.0] AndroidManifest.xml:41:17-91
236-->[androidx.profileinstaller:profileinstaller:1.4.0] AndroidManifest.xml:41:25-88
237            </intent-filter>
238            <intent-filter>
238-->[androidx.profileinstaller:profileinstaller:1.4.0] AndroidManifest.xml:43:13-45:29
239                <action android:name="androidx.profileinstaller.action.SKIP_FILE" />
239-->[androidx.profileinstaller:profileinstaller:1.4.0] AndroidManifest.xml:44:17-85
239-->[androidx.profileinstaller:profileinstaller:1.4.0] AndroidManifest.xml:44:25-82
240            </intent-filter>
241            <intent-filter>
241-->[androidx.profileinstaller:profileinstaller:1.4.0] AndroidManifest.xml:46:13-48:29
242                <action android:name="androidx.profileinstaller.action.SAVE_PROFILE" />
242-->[androidx.profileinstaller:profileinstaller:1.4.0] AndroidManifest.xml:47:17-88
242-->[androidx.profileinstaller:profileinstaller:1.4.0] AndroidManifest.xml:47:25-85
243            </intent-filter>
244            <intent-filter>
244-->[androidx.profileinstaller:profileinstaller:1.4.0] AndroidManifest.xml:49:13-51:29
245                <action android:name="androidx.profileinstaller.action.BENCHMARK_OPERATION" />
245-->[androidx.profileinstaller:profileinstaller:1.4.0] AndroidManifest.xml:50:17-95
245-->[androidx.profileinstaller:profileinstaller:1.4.0] AndroidManifest.xml:50:25-92
246            </intent-filter>
247        </receiver>
248    </application>
249
250</manifest>